{
  "0 debug pnpm:scope": {
    "selected": 1
  },
  "1 debug pnpm:package-manifest": {
    "initial": {
      "name": "project-management",
      "version": "0.0.1",
      "scripts": {
        "prepare": "husky install",
        "dev": "vite",
        "build": "tsc && vite build",
        "serve": "vite preview",
        "gen:component": "hygen component new --level .",
        "gen:component:atom": "hygen component new --level atoms",
        "gen:component:molecule": "hygen component new --level molecules",
        "gen:component:organism": "hygen component new --level organisms",
        "gen:component:template": "hygen component new --level templates",
        "gen:component:page": "hygen component new --level pages",
        "gen:component:util": "hygen component new --level utils",
        "storybook": "start-storybook -p 6006",
        "build-storybook": "build-storybook",
        "lint": "run-s lint:script lint:style",
        "lint:script": "eslint ./src --ext .ts --ext .tsx --color",
        "lint:style": "stylelint ./src/**/*.scss",
        "format": "run-s format:script format:style",
        "format:script": "eslint ./src --ext .ts --ext .tsx --color --fix",
        "format:style": "stylelint ./src/**/*.scss --fix",
        "commit": "cz"
      },
      "lint-staged": {
        "*.{ts,tsx}": [
          "eslint ./src --ext .ts --ext .tsx --color --max-warnings 0"
        ],
        "*.{css,scss}": [
          "stylelint ./src/**/*.scss --mw 0"
        ]
      },
      "dependencies": {
        "react": "^17.0.0",
        "react-dom": "^17.0.0",
        "react-router-dom": "^5.2.0"
      },
      "devDependencies": {
        "@babel/core": "^7.13.14",
        "@storybook/addon-actions": "^6.2.3",
        "@storybook/addon-essentials": "^6.2.3",
        "@storybook/addon-links": "^6.2.3",
        "@storybook/addons": "^6.2.3",
        "@storybook/react": "^6.2.3",
        "@types/react": "^17.0.0",
        "@types/react-dom": "^17.0.0",
        "@types/react-router-dom": "^5.1.7",
        "@typescript-eslint/eslint-plugin": "^4.21.0",
        "@typescript-eslint/parser": "^4.21.0",
        "@vitejs/plugin-react-refresh": "^1.3.1",
        "@whitespace/storybook-addon-html": "^5.0.0",
        "babel-loader": "^8.2.2",
        "change-case": "^4.1.2",
        "commitlint-config-gitmoji": "^2.2.3",
        "cz-conventional-changelog": "^3.3.0",
        "eslint": "^7.23.0",
        "eslint-config-prettier": "^8.1.0",
        "eslint-plugin-import": "^2.22.1",
        "eslint-plugin-prettier": "^3.3.1",
        "eslint-plugin-react": "^7.23.1",
        "eslint-plugin-react-hooks": "^4.2.0",
        "husky": "^6.0.0",
        "hygen": "^6.0.4",
        "lint-staged": "^10.5.4",
        "npm-run-all": "^4.1.5",
        "prettier": "^2.2.1",
        "sass": "^1.32.8",
        "stylelint": "^13.12.0",
        "stylelint-color-format": "^1.1.0",
        "stylelint-config-prettier": "^8.0.2",
        "stylelint-config-recess-order": "^2.3.0",
        "stylelint-prettier": "^1.2.0",
        "typescript": "^4.1.2",
        "vite": "^2.1.5"
      },
      "config": {
        "commitizen": {}
      }
    },
    "prefix": "/Users/fe/Documents/vcteam/projects/project-management"
  },
  "2 debug pnpm:context": {
    "currentLockfileExists": false,
    "storeDir": "/Users/fe/.pnpm-store/v3",
    "virtualStoreDir": "/Users/fe/Documents/vcteam/projects/project-management/node_modules/.pnpm"
  },
  "3 debug pnpm:stage": {
    "prefix": "/Users/fe/Documents/vcteam/projects/project-management",
    "stage": "resolution_started"
  },
  "4 debug pnpm:_dependency_resolved": {
    "resolution": "registry.npmjs.org/@babel/core/7.13.14",
    "wanted": {
      "dependentId": ".",
      "name": "@babel/core",
      "rawSpec": "^7.13.14"
    }
  },
  "5 debug pnpm:_dependency_resolved": {
    "resolution": "registry.npmjs.org/@storybook/addon-actions/6.2.3",
    "wanted": {
      "dependentId": ".",
      "name": "@storybook/addon-actions",
      "rawSpec": "^6.2.3"
    }
  },
  "6 debug pnpm:_dependency_resolved": {
    "resolution": "registry.npmjs.org/@storybook/addon-essentials/6.2.3",
    "wanted": {
      "dependentId": ".",
      "name": "@storybook/addon-essentials",
      "rawSpec": "^6.2.3"
    }
  },
  "7 debug pnpm:_dependency_resolved": {
    "resolution": "registry.npmjs.org/@storybook/addon-links/6.2.3",
    "wanted": {
      "dependentId": ".",
      "name": "@storybook/addon-links",
      "rawSpec": "^6.2.3"
    }
  },
  "8 debug pnpm:_dependency_resolved": {
    "resolution": "registry.npmjs.org/@storybook/addons/6.2.3",
    "wanted": {
      "dependentId": ".",
      "name": "@storybook/addons",
      "rawSpec": "^6.2.3"
    }
  },
  "9 debug pnpm:_dependency_resolved": {
    "resolution": "registry.npmjs.org/@storybook/react/6.2.3",
    "wanted": {
      "dependentId": ".",
      "name": "@storybook/react",
      "rawSpec": "^6.2.3"
    }
  },
  "10 debug pnpm:_dependency_resolved": {
    "resolution": "registry.npmjs.org/@types/react/17.0.3",
    "wanted": {
      "dependentId": ".",
      "name": "@types/react",
      "rawSpec": "^17.0.0"
    }
  },
  "11 debug pnpm:_dependency_resolved": {
    "resolution": "registry.npmjs.org/@types/react-dom/17.0.3",
    "wanted": {
      "dependentId": ".",
      "name": "@types/react-dom",
      "rawSpec": "^17.0.0"
    }
  },
  "12 debug pnpm:_dependency_resolved": {
    "resolution": "registry.npmjs.org/@types/react-router-dom/5.1.7",
    "wanted": {
      "dependentId": ".",
      "name": "@types/react-router-dom",
      "rawSpec": "^5.1.7"
    }
  },
  "13 debug pnpm:_dependency_resolved": {
    "resolution": "registry.npmjs.org/@typescript-eslint/eslint-plugin/4.21.0",
    "wanted": {
      "dependentId": ".",
      "name": "@typescript-eslint/eslint-plugin",
      "rawSpec": "^4.21.0"
    }
  },
  "14 debug pnpm:_dependency_resolved": {
    "resolution": "registry.npmjs.org/@typescript-eslint/parser/4.21.0",
    "wanted": {
      "dependentId": ".",
      "name": "@typescript-eslint/parser",
      "rawSpec": "^4.21.0"
    }
  },
  "15 debug pnpm:_dependency_resolved": {
    "resolution": "registry.npmjs.org/@vitejs/plugin-react-refresh/1.3.2",
    "wanted": {
      "dependentId": ".",
      "name": "@vitejs/plugin-react-refresh",
      "rawSpec": "^1.3.1"
    }
  },
  "16 debug pnpm:_dependency_resolved": {
    "resolution": "registry.npmjs.org/@whitespace/storybook-addon-html/5.0.0",
    "wanted": {
      "dependentId": ".",
      "name": "@whitespace/storybook-addon-html",
      "rawSpec": "^5.0.0"
    }
  },
  "17 debug pnpm:_dependency_resolved": {
    "resolution": "registry.npmjs.org/babel-loader/8.2.2",
    "wanted": {
      "dependentId": ".",
      "name": "babel-loader",
      "rawSpec": "^8.2.2"
    }
  },
  "18 debug pnpm:_dependency_resolved": {
    "resolution": "registry.npmjs.org/change-case/4.1.2",
    "wanted": {
      "dependentId": ".",
      "name": "change-case",
      "rawSpec": "^4.1.2"
    }
  },
  "19 debug pnpm:_dependency_resolved": {
    "resolution": "registry.npmjs.org/commitlint-config-gitmoji/2.2.3",
    "wanted": {
      "dependentId": ".",
      "name": "commitlint-config-gitmoji",
      "rawSpec": "^2.2.3"
    }
  },
  "20 debug pnpm:_dependency_resolved": {
    "resolution": "registry.npmjs.org/cz-conventional-changelog/3.3.0",
    "wanted": {
      "dependentId": ".",
      "name": "cz-conventional-changelog",
      "rawSpec": "^3.3.0"
    }
  },
  "21 debug pnpm:_dependency_resolved": {
    "resolution": "registry.npmjs.org/eslint/7.23.0",
    "wanted": {
      "dependentId": ".",
      "name": "eslint",
      "rawSpec": "^7.23.0"
    }
  },
  "22 debug pnpm:_dependency_resolved": {
    "resolution": "registry.npmjs.org/eslint-config-prettier/8.1.0",
    "wanted": {
      "dependentId": ".",
      "name": "eslint-config-prettier",
      "rawSpec": "^8.1.0"
    }
  },
  "23 debug pnpm:_dependency_resolved": {
    "resolution": "registry.npmjs.org/eslint-plugin-import/2.22.1",
    "wanted": {
      "dependentId": ".",
      "name": "eslint-plugin-import",
      "rawSpec": "^2.22.1"
    }
  },
  "24 debug pnpm:_dependency_resolved": {
    "resolution": "registry.npmjs.org/eslint-plugin-prettier/3.3.1",
    "wanted": {
      "dependentId": ".",
      "name": "eslint-plugin-prettier",
      "rawSpec": "^3.3.1"
    }
  },
  "25 debug pnpm:_dependency_resolved": {
    "resolution": "registry.npmjs.org/eslint-plugin-react/7.23.1",
    "wanted": {
      "dependentId": ".",
      "name": "eslint-plugin-react",
      "rawSpec": "^7.23.1"
    }
  },
  "26 debug pnpm:_dependency_resolved": {
    "resolution": "registry.npmjs.org/eslint-plugin-react-hooks/4.2.0",
    "wanted": {
      "dependentId": ".",
      "name": "eslint-plugin-react-hooks",
      "rawSpec": "^4.2.0"
    }
  },
  "27 debug pnpm:_dependency_resolved": {
    "resolution": "registry.npmjs.org/husky/6.0.0",
    "wanted": {
      "dependentId": ".",
      "name": "husky",
      "rawSpec": "^6.0.0"
    }
  },
  "28 debug pnpm:_dependency_resolved": {
    "resolution": "registry.npmjs.org/hygen/6.0.4",
    "wanted": {
      "dependentId": ".",
      "name": "hygen",
      "rawSpec": "^6.0.4"
    }
  },
  "29 debug pnpm:_dependency_resolved": {
    "resolution": "registry.npmjs.org/lint-staged/10.5.4",
    "wanted": {
      "dependentId": ".",
      "name": "lint-staged",
      "rawSpec": "^10.5.4"
    }
  },
  "30 debug pnpm:_dependency_resolved": {
    "resolution": "registry.npmjs.org/npm-run-all/4.1.5",
    "wanted": {
      "dependentId": ".",
      "name": "npm-run-all",
      "rawSpec": "^4.1.5"
    }
  },
  "31 debug pnpm:_dependency_resolved": {
    "resolution": "registry.npmjs.org/prettier/2.2.1",
    "wanted": {
      "dependentId": ".",
      "name": "prettier",
      "rawSpec": "^2.2.1"
    }
  },
  "32 debug pnpm:_dependency_resolved": {
    "resolution": "registry.npmjs.org/sass/1.32.8",
    "wanted": {
      "dependentId": ".",
      "name": "sass",
      "rawSpec": "^1.32.8"
    }
  },
  "33 debug pnpm:_dependency_resolved": {
    "resolution": "registry.npmjs.org/stylelint/13.12.0",
    "wanted": {
      "dependentId": ".",
      "name": "stylelint",
      "rawSpec": "^13.12.0"
    }
  },
  "34 debug pnpm:_dependency_resolved": {
    "resolution": "registry.npmjs.org/stylelint-color-format/1.1.0",
    "wanted": {
      "dependentId": ".",
      "name": "stylelint-color-format",
      "rawSpec": "^1.1.0"
    }
  },
  "35 debug pnpm:_dependency_resolved": {
    "resolution": "registry.npmjs.org/stylelint-config-prettier/8.0.2",
    "wanted": {
      "dependentId": ".",
      "name": "stylelint-config-prettier",
      "rawSpec": "^8.0.2"
    }
  },
  "36 debug pnpm:_dependency_resolved": {
    "resolution": "registry.npmjs.org/stylelint-config-recess-order/2.3.0",
    "wanted": {
      "dependentId": ".",
      "name": "stylelint-config-recess-order",
      "rawSpec": "^2.3.0"
    }
  },
  "37 debug pnpm:_dependency_resolved": {
    "resolution": "registry.npmjs.org/stylelint-prettier/1.2.0",
    "wanted": {
      "dependentId": ".",
      "name": "stylelint-prettier",
      "rawSpec": "^1.2.0"
    }
  },
  "38 debug pnpm:_dependency_resolved": {
    "resolution": "registry.npmjs.org/typescript/4.2.3",
    "wanted": {
      "dependentId": ".",
      "name": "typescript",
      "rawSpec": "^4.1.2"
    }
  },
  "39 debug pnpm:_dependency_resolved": {
    "resolution": "registry.npmjs.org/vite/2.1.5",
    "wanted": {
      "dependentId": ".",
      "name": "vite",
      "rawSpec": "^2.1.5"
    }
  },
  "40 debug pnpm:_dependency_resolved": {
    "resolution": "registry.npmjs.org/react/17.0.2",
    "wanted": {
      "dependentId": ".",
      "name": "react",
      "rawSpec": "^17.0.0"
    }
  },
  "41 debug pnpm:_dependency_resolved": {
    "resolution": "registry.npmjs.org/react-dom/17.0.2",
    "wanted": {
      "dependentId": ".",
      "name": "react-dom",
      "rawSpec": "^17.0.0"
    }
  },
  "42 debug pnpm:_dependency_resolved": {
    "resolution": "registry.npmjs.org/react-router-dom/5.2.0",
    "wanted": {
      "dependentId": ".",
      "name": "react-router-dom",
      "rawSpec": "^5.2.0"
    }
  },
  "43 debug pnpm:progress": {
    "packageId": "registry.npmjs.org/@babel/core/7.13.14",
    "requester": "/Users/fe/Documents/vcteam/projects/project-management",
    "status": "resolved"
  },
  "44 debug pnpm:progress": {
    "packageId": "registry.npmjs.org/@babel/core/7.13.14",
    "requester": "/Users/fe/Documents/vcteam/projects/project-management",
    "status": "found_in_store"
  },
  "45 debug pnpm:progress": {
    "packageId": "registry.npmjs.org/@storybook/addon-links/6.2.3",
    "requester": "/Users/fe/Documents/vcteam/projects/project-management",
    "status": "resolved"
  },
  "46 debug pnpm:progress": {
    "packageId": "registry.npmjs.org/@storybook/addon-links/6.2.3",
    "requester": "/Users/fe/Documents/vcteam/projects/project-management",
    "status": "found_in_store"
  },
  "47 debug pnpm:progress": {
    "packageId": "registry.npmjs.org/@types/react/17.0.3",
    "requester": "/Users/fe/Documents/vcteam/projects/project-management",
    "status": "resolved"
  },
  "48 debug pnpm:progress": {
    "packageId": "registry.npmjs.org/@types/react/17.0.3",
    "requester": "/Users/fe/Documents/vcteam/projects/project-management",
    "status": "found_in_store"
  },
  "49 debug pnpm:progress": {
    "packageId": "registry.npmjs.org/@storybook/react/6.2.3",
    "requester": "/Users/fe/Documents/vcteam/projects/project-management",
    "status": "resolved"
  },
  "50 debug pnpm:progress": {
    "packageId": "registry.npmjs.org/@storybook/react/6.2.3",
    "requester": "/Users/fe/Documents/vcteam/projects/project-management",
    "status": "found_in_store"
  },
  "51 debug pnpm:progress": {
    "packageId": "registry.npmjs.org/@storybook/addon-actions/6.2.3",
    "requester": "/Users/fe/Documents/vcteam/projects/project-management",
    "status": "resolved"
  },
  "52 debug pnpm:progress": {
    "packageId": "registry.npmjs.org/@storybook/addon-actions/6.2.3",
    "requester": "/Users/fe/Documents/vcteam/projects/project-management",
    "status": "found_in_store"
  },
  "53 debug pnpm:progress": {
    "packageId": "registry.npmjs.org/@types/react-dom/17.0.3",
    "requester": "/Users/fe/Documents/vcteam/projects/project-management",
    "status": "resolved"
  },
  "54 debug pnpm:progress": {
    "packageId": "registry.npmjs.org/@types/react-dom/17.0.3",
    "requester": "/Users/fe/Documents/vcteam/projects/project-management",
    "status": "found_in_store"
  },
  "55 debug pnpm:progress": {
    "packageId": "registry.npmjs.org/@types/react-router-dom/5.1.7",
    "requester": "/Users/fe/Documents/vcteam/projects/project-management",
    "status": "resolved"
  },
  "56 debug pnpm:progress": {
    "packageId": "registry.npmjs.org/@types/react-router-dom/5.1.7",
    "requester": "/Users/fe/Documents/vcteam/projects/project-management",
    "status": "found_in_store"
  },
  "57 debug pnpm:progress": {
    "packageId": "registry.npmjs.org/@typescript-eslint/parser/4.21.0",
    "requester": "/Users/fe/Documents/vcteam/projects/project-management",
    "status": "resolved"
  },
  "58 debug pnpm:progress": {
    "packageId": "registry.npmjs.org/@typescript-eslint/parser/4.21.0",
    "requester": "/Users/fe/Documents/vcteam/projects/project-management",
    "status": "found_in_store"
  },
  "59 debug pnpm:progress": {
    "packageId": "registry.npmjs.org/@whitespace/storybook-addon-html/5.0.0",
    "requester": "/Users/fe/Documents/vcteam/projects/project-management",
    "status": "resolved"
  },
  "60 debug pnpm:progress": {
    "packageId": "registry.npmjs.org/@whitespace/storybook-addon-html/5.0.0",
    "requester": "/Users/fe/Documents/vcteam/projects/project-management",
    "status": "found_in_store"
  },
  "61 debug pnpm:progress": {
    "packageId": "registry.npmjs.org/@vitejs/plugin-react-refresh/1.3.2",
    "requester": "/Users/fe/Documents/vcteam/projects/project-management",
    "status": "resolved"
  },
  "62 debug pnpm:progress": {
    "packageId": "registry.npmjs.org/@vitejs/plugin-react-refresh/1.3.2",
    "requester": "/Users/fe/Documents/vcteam/projects/project-management",
    "status": "found_in_store"
  },
  "63 debug pnpm:_dependency_resolved": {
    "resolution": "registry.npmjs.org/commitizen/4.2.3",
    "wanted": {
      "dependentId": ".",
      "name": "commitizen",
      "rawSpec": "latest"
    }
  },
  "64 debug pnpm:progress": {
    "packageId": "registry.npmjs.org/commitizen/4.2.3",
    "requester": "/Users/fe/Documents/vcteam/projects/project-management",
    "status": "resolved"
  },
  "65 debug pnpm:progress": {
    "packageId": "registry.npmjs.org/@typescript-eslint/eslint-plugin/4.21.0",
    "requester": "/Users/fe/Documents/vcteam/projects/project-management",
    "status": "resolved"
  },
  "66 debug pnpm:progress": {
    "packageId": "registry.npmjs.org/@typescript-eslint/eslint-plugin/4.21.0",
    "requester": "/Users/fe/Documents/vcteam/projects/project-management",
    "status": "found_in_store"
  },
  "67 debug pnpm:progress": {
    "packageId": "registry.npmjs.org/@storybook/addons/6.2.3",
    "requester": "/Users/fe/Documents/vcteam/projects/project-management",
    "status": "resolved"
  },
  "68 debug pnpm:progress": {
    "packageId": "registry.npmjs.org/@storybook/addons/6.2.3",
    "requester": "/Users/fe/Documents/vcteam/projects/project-management",
    "status": "found_in_store"
  },
  "69 debug pnpm:progress": {
    "packageId": "registry.npmjs.org/@storybook/addon-essentials/6.2.3",
    "requester": "/Users/fe/Documents/vcteam/projects/project-management",
    "status": "resolved"
  },
  "70 debug pnpm:progress": {
    "packageId": "registry.npmjs.org/@storybook/addon-essentials/6.2.3",
    "requester": "/Users/fe/Documents/vcteam/projects/project-management",
    "status": "found_in_store"
  },
  "71 debug pnpm:progress": {
    "packageId": "registry.npmjs.org/babel-loader/8.2.2",
    "requester": "/Users/fe/Documents/vcteam/projects/project-management",
    "status": "resolved"
  },
  "72 debug pnpm:progress": {
    "packageId": "registry.npmjs.org/babel-loader/8.2.2",
    "requester": "/Users/fe/Documents/vcteam/projects/project-management",
    "status": "found_in_store"
  },
  "73 debug pnpm:progress": {
    "packageId": "registry.npmjs.org/change-case/4.1.2",
    "requester": "/Users/fe/Documents/vcteam/projects/project-management",
    "status": "resolved"
  },
  "74 debug pnpm:progress": {
    "packageId": "registry.npmjs.org/change-case/4.1.2",
    "requester": "/Users/fe/Documents/vcteam/projects/project-management",
    "status": "found_in_store"
  },
  "75 debug pnpm:progress": {
    "packageId": "registry.npmjs.org/cz-conventional-changelog/3.3.0",
    "requester": "/Users/fe/Documents/vcteam/projects/project-management",
    "status": "resolved"
  },
  "76 debug pnpm:progress": {
    "packageId": "registry.npmjs.org/cz-conventional-changelog/3.3.0",
    "requester": "/Users/fe/Documents/vcteam/projects/project-management",
    "status": "found_in_store"
  },
  "77 debug pnpm:progress": {
    "packageId": "registry.npmjs.org/commitlint-config-gitmoji/2.2.3",
    "requester": "/Users/fe/Documents/vcteam/projects/project-management",
    "status": "resolved"
  },
  "78 debug pnpm:progress": {
    "packageId": "registry.npmjs.org/commitlint-config-gitmoji/2.2.3",
    "requester": "/Users/fe/Documents/vcteam/projects/project-management",
    "status": "found_in_store"
  },
  "79 debug pnpm:progress": {
    "packageId": "registry.npmjs.org/eslint-plugin-import/2.22.1",
    "requester": "/Users/fe/Documents/vcteam/projects/project-management",
    "status": "resolved"
  },
  "80 debug pnpm:progress": {
    "packageId": "registry.npmjs.org/eslint-plugin-import/2.22.1",
    "requester": "/Users/fe/Documents/vcteam/projects/project-management",
    "status": "found_in_store"
  },
  "81 debug pnpm:progress": {
    "packageId": "registry.npmjs.org/eslint-plugin-prettier/3.3.1",
    "requester": "/Users/fe/Documents/vcteam/projects/project-management",
    "status": "resolved"
  },
  "82 debug pnpm:progress": {
    "packageId": "registry.npmjs.org/eslint-plugin-prettier/3.3.1",
    "requester": "/Users/fe/Documents/vcteam/projects/project-management",
    "status": "found_in_store"
  },
  "83 debug pnpm:progress": {
    "packageId": "registry.npmjs.org/eslint-plugin-react/7.23.1",
    "requester": "/Users/fe/Documents/vcteam/projects/project-management",
    "status": "resolved"
  },
  "84 debug pnpm:progress": {
    "packageId": "registry.npmjs.org/eslint-plugin-react/7.23.1",
    "requester": "/Users/fe/Documents/vcteam/projects/project-management",
    "status": "found_in_store"
  },
  "85 debug pnpm:progress": {
    "packageId": "registry.npmjs.org/eslint-config-prettier/8.1.0",
    "requester": "/Users/fe/Documents/vcteam/projects/project-management",
    "status": "resolved"
  },
  "86 debug pnpm:progress": {
    "packageId": "registry.npmjs.org/eslint-config-prettier/8.1.0",
    "requester": "/Users/fe/Documents/vcteam/projects/project-management",
    "status": "found_in_store"
  },
  "87 debug pnpm:progress": {
    "packageId": "registry.npmjs.org/eslint-plugin-react-hooks/4.2.0",
    "requester": "/Users/fe/Documents/vcteam/projects/project-management",
    "status": "resolved"
  },
  "88 debug pnpm:progress": {
    "packageId": "registry.npmjs.org/eslint-plugin-react-hooks/4.2.0",
    "requester": "/Users/fe/Documents/vcteam/projects/project-management",
    "status": "found_in_store"
  },
  "89 debug pnpm:progress": {
    "packageId": "registry.npmjs.org/husky/6.0.0",
    "requester": "/Users/fe/Documents/vcteam/projects/project-management",
    "status": "resolved"
  },
  "90 debug pnpm:progress": {
    "packageId": "registry.npmjs.org/husky/6.0.0",
    "requester": "/Users/fe/Documents/vcteam/projects/project-management",
    "status": "found_in_store"
  },
  "91 debug pnpm:progress": {
    "packageId": "registry.npmjs.org/hygen/6.0.4",
    "requester": "/Users/fe/Documents/vcteam/projects/project-management",
    "status": "resolved"
  },
  "92 debug pnpm:progress": {
    "packageId": "registry.npmjs.org/hygen/6.0.4",
    "requester": "/Users/fe/Documents/vcteam/projects/project-management",
    "status": "found_in_store"
  },
  "93 debug pnpm:progress": {
    "packageId": "registry.npmjs.org/npm-run-all/4.1.5",
    "requester": "/Users/fe/Documents/vcteam/projects/project-management",
    "status": "resolved"
  },
  "94 debug pnpm:progress": {
    "packageId": "registry.npmjs.org/npm-run-all/4.1.5",
    "requester": "/Users/fe/Documents/vcteam/projects/project-management",
    "status": "found_in_store"
  },
  "95 debug pnpm:progress": {
    "packageId": "registry.npmjs.org/lint-staged/10.5.4",
    "requester": "/Users/fe/Documents/vcteam/projects/project-management",
    "status": "resolved"
  },
  "96 debug pnpm:progress": {
    "packageId": "registry.npmjs.org/lint-staged/10.5.4",
    "requester": "/Users/fe/Documents/vcteam/projects/project-management",
    "status": "found_in_store"
  },
  "97 debug pnpm:progress": {
    "packageId": "registry.npmjs.org/prettier/2.2.1",
    "requester": "/Users/fe/Documents/vcteam/projects/project-management",
    "status": "resolved"
  },
  "98 debug pnpm:progress": {
    "packageId": "registry.npmjs.org/prettier/2.2.1",
    "requester": "/Users/fe/Documents/vcteam/projects/project-management",
    "status": "found_in_store"
  },
  "99 debug pnpm:progress": {
    "packageId": "registry.npmjs.org/sass/1.32.8",
    "requester": "/Users/fe/Documents/vcteam/projects/project-management",
    "status": "resolved"
  },
  "100 debug pnpm:progress": {
    "packageId": "registry.npmjs.org/sass/1.32.8",
    "requester": "/Users/fe/Documents/vcteam/projects/project-management",
    "status": "found_in_store"
  },
  "101 debug pnpm:progress": {
    "packageId": "registry.npmjs.org/eslint/7.23.0",
    "requester": "/Users/fe/Documents/vcteam/projects/project-management",
    "status": "resolved"
  },
  "102 debug pnpm:progress": {
    "packageId": "registry.npmjs.org/eslint/7.23.0",
    "requester": "/Users/fe/Documents/vcteam/projects/project-management",
    "status": "found_in_store"
  },
  "103 debug pnpm:progress": {
    "packageId": "registry.npmjs.org/stylelint-color-format/1.1.0",
    "requester": "/Users/fe/Documents/vcteam/projects/project-management",
    "status": "resolved"
  },
  "104 debug pnpm:progress": {
    "packageId": "registry.npmjs.org/stylelint-color-format/1.1.0",
    "requester": "/Users/fe/Documents/vcteam/projects/project-management",
    "status": "found_in_store"
  },
  "105 debug pnpm:progress": {
    "packageId": "registry.npmjs.org/stylelint-config-prettier/8.0.2",
    "requester": "/Users/fe/Documents/vcteam/projects/project-management",
    "status": "resolved"
  },
  "106 debug pnpm:progress": {
    "packageId": "registry.npmjs.org/stylelint-config-prettier/8.0.2",
    "requester": "/Users/fe/Documents/vcteam/projects/project-management",
    "status": "found_in_store"
  },
  "107 debug pnpm:progress": {
    "packageId": "registry.npmjs.org/stylelint/13.12.0",
    "requester": "/Users/fe/Documents/vcteam/projects/project-management",
    "status": "resolved"
  },
  "108 debug pnpm:progress": {
    "packageId": "registry.npmjs.org/stylelint/13.12.0",
    "requester": "/Users/fe/Documents/vcteam/projects/project-management",
    "status": "found_in_store"
  },
  "109 debug pnpm:progress": {
    "packageId": "registry.npmjs.org/stylelint-config-recess-order/2.3.0",
    "requester": "/Users/fe/Documents/vcteam/projects/project-management",
    "status": "resolved"
  },
  "110 debug pnpm:progress": {
    "packageId": "registry.npmjs.org/stylelint-config-recess-order/2.3.0",
    "requester": "/Users/fe/Documents/vcteam/projects/project-management",
    "status": "found_in_store"
  },
  "111 debug pnpm:progress": {
    "packageId": "registry.npmjs.org/stylelint-prettier/1.2.0",
    "requester": "/Users/fe/Documents/vcteam/projects/project-management",
    "status": "resolved"
  },
  "112 debug pnpm:progress": {
    "packageId": "registry.npmjs.org/stylelint-prettier/1.2.0",
    "requester": "/Users/fe/Documents/vcteam/projects/project-management",
    "status": "found_in_store"
  },
  "113 debug pnpm:progress": {
    "packageId": "registry.npmjs.org/vite/2.1.5",
    "requester": "/Users/fe/Documents/vcteam/projects/project-management",
    "status": "resolved"
  },
  "114 debug pnpm:progress": {
    "packageId": "registry.npmjs.org/vite/2.1.5",
    "requester": "/Users/fe/Documents/vcteam/projects/project-management",
    "status": "found_in_store"
  },
  "115 debug pnpm:progress": {
    "packageId": "registry.npmjs.org/react/17.0.2",
    "requester": "/Users/fe/Documents/vcteam/projects/project-management",
    "status": "resolved"
  },
  "116 debug pnpm:progress": {
    "packageId": "registry.npmjs.org/react/17.0.2",
    "requester": "/Users/fe/Documents/vcteam/projects/project-management",
    "status": "found_in_store"
  },
  "117 debug pnpm:progress": {
    "packageId": "registry.npmjs.org/typescript/4.2.3",
    "requester": "/Users/fe/Documents/vcteam/projects/project-management",
    "status": "resolved"
  },
  "118 debug pnpm:progress": {
    "packageId": "registry.npmjs.org/typescript/4.2.3",
    "requester": "/Users/fe/Documents/vcteam/projects/project-management",
    "status": "found_in_store"
  },
  "119 debug pnpm:progress": {
    "packageId": "registry.npmjs.org/react-router-dom/5.2.0",
    "requester": "/Users/fe/Documents/vcteam/projects/project-management",
    "status": "resolved"
  },
  "120 debug pnpm:progress": {
    "packageId": "registry.npmjs.org/react-router-dom/5.2.0",
    "requester": "/Users/fe/Documents/vcteam/projects/project-management",
    "status": "found_in_store"
  },
  "121 debug pnpm:progress": {
    "packageId": "registry.npmjs.org/react-dom/17.0.2",
    "requester": "/Users/fe/Documents/vcteam/projects/project-management",
    "status": "resolved"
  },
  "122 debug pnpm:progress": {
    "packageId": "registry.npmjs.org/react-dom/17.0.2",
    "requester": "/Users/fe/Documents/vcteam/projects/project-management",
    "status": "found_in_store"
  },
  "123 debug pnpm:progress": {
    "packageId": "registry.npmjs.org/commitizen/4.2.3",
    "requester": "/Users/fe/Documents/vcteam/projects/project-management",
    "status": "found_in_store"
  },
  "124 error pnpm": {
    "code": "ERR_PNPM_FETCH_404",
    "hint": "@metahub/cz-conventional-commitv is not in the npm registry, or you have no permission to fetch it.\n\nNo authorization header was set for the request.",
    "request": {
      "url": "https://registry.npmjs.org/@metahub%2Fcz-conventional-commitv"
    },
    "response": {
      "size": 0,
      "timeout": 0
    },
    "pkgName": "@metahub/cz-conventional-commitv",
    "pkgsStack": [],
    "err": {
      "name": "Error",
      "message": "GET https://registry.npmjs.org/@metahub%2Fcz-conventional-commitv: Not Found - 404",
      "code": "ERR_PNPM_FETCH_404",
      "stack": "Error: GET https://registry.npmjs.org/@metahub%2Fcz-conventional-commitv: Not Found - 404\n    at RetryOperation._fn (/Users/fe/.nvm/versions/node/v12.22.1/lib/node_modules/pnpm/dist/pnpm.cjs:64456:16)\n    at processTicksAndRejections (internal/process/task_queues.js:97:5)"
    }
  }
}